{
  "RSpec": {
    "coverage": {
      "/Users/shannongamby/Desktop/Projects/bookmark_manager/spec/bookmark_spec.rb": [
        1,
        null,
        1,
        1,
        1,
        1,
        1,
        1,
        1,
        1,
        1,
        1,
        1,
        null,
        null,
        null
      ],
      "/Users/shannongamby/Desktop/Projects/bookmark_manager/spec/features/viewing_bookmark_spec.rb": [
        1,
        1,
        1,
        1,
        1,
        1,
        null,
        1,
        1,
        1,
        1,
        null,
        null
      ]
    },
    "timestamp": 1540291910
  }
}
